<?xml version="1.0" encoding="UTF-8"?>
<coverage generated="1772763771311" clover="3.2.0">
  <project timestamp="1772763771311" name="All files">
    <metrics statements="28" coveredstatements="28" conditionals="28" coveredconditionals="27" methods="12" coveredmethods="12" elements="68" coveredelements="67" complexity="0" loc="28" ncloc="28" packages="3" files="7" classes="7"/>
    <package name="components">
      <metrics statements="24" coveredstatements="24" conditionals="28" coveredconditionals="27" methods="10" coveredmethods="10"/>
      <file name="Alert.tsx" path="C:\Users\Usuario\Downloads\universidad-digital-ver-4\frontend\src\components\Alert.tsx">
        <metrics statements="2" coveredstatements="2" conditionals="7" coveredconditionals="7" methods="1" coveredmethods="1"/>
        <line num="10" count="1" type="stmt"/>
        <line num="18" count="6" type="stmt"/>
      </file>
      <file name="Button.tsx" path="C:\Users\Usuario\Downloads\universidad-digital-ver-4\frontend\src\components\Button.tsx">
        <metrics statements="2" coveredstatements="2" conditionals="6" coveredconditionals="6" methods="1" coveredmethods="1"/>
        <line num="11" count="13" type="cond" truecount="4" falsecount="0"/>
        <line num="12" count="13" type="stmt"/>
      </file>
      <file name="Input.tsx" path="C:\Users\Usuario\Downloads\universidad-digital-ver-4\frontend\src\components\Input.tsx">
        <metrics statements="4" coveredstatements="4" conditionals="7" coveredconditionals="7" methods="1" coveredmethods="1"/>
        <line num="9" count="3" type="stmt"/>
        <line num="13" count="20" type="cond" truecount="3" falsecount="0"/>
        <line num="14" count="20" type="cond" truecount="2" falsecount="0"/>
        <line num="16" count="20" type="stmt"/>
      </file>
      <file name="TaskForm.tsx" path="C:\Users\Usuario\Downloads\universidad-digital-ver-4\frontend\src\components\TaskForm.tsx">
        <metrics statements="9" coveredstatements="9" conditionals="2" coveredconditionals="1" methods="3" coveredmethods="3"/>
        <line num="7" count="3" type="stmt"/>
        <line num="8" count="183" type="stmt"/>
        <line num="10" count="183" type="stmt"/>
        <line num="11" count="5" type="stmt"/>
        <line num="12" count="5" type="cond" truecount="1" falsecount="1"/>
        <line num="13" count="5" type="stmt"/>
        <line num="14" count="5" type="stmt"/>
        <line num="18" count="183" type="stmt"/>
        <line num="25" count="165" type="stmt"/>
      </file>
      <file name="TaskList.tsx" path="C:\Users\Usuario\Downloads\universidad-digital-ver-4\frontend\src\components\TaskList.tsx">
        <metrics statements="7" coveredstatements="7" conditionals="6" coveredconditionals="6" methods="4" coveredmethods="4"/>
        <line num="15" count="3" type="stmt"/>
        <line num="16" count="14" type="cond" truecount="2" falsecount="0"/>
        <line num="17" count="1" type="stmt"/>
        <line num="20" count="13" type="stmt"/>
        <line num="23" count="39" type="stmt"/>
        <line num="27" count="3" type="stmt"/>
        <line num="33" count="2" type="stmt"/>
      </file>
    </package>
    <package name="tests.fixtures">
      <metrics statements="2" coveredstatements="2" conditionals="0" coveredconditionals="0" methods="0" coveredmethods="0"/>
      <file name="tasks.ts" path="C:\Users\Usuario\Downloads\universidad-digital-ver-4\frontend\src\tests\fixtures\tasks.ts">
        <metrics statements="2" coveredstatements="2" conditionals="0" coveredconditionals="0" methods="0" coveredmethods="0"/>
        <line num="1" count="3" type="stmt"/>
        <line num="7" count="3" type="stmt"/>
      </file>
    </package>
    <package name="tests.helpers">
      <metrics statements="2" coveredstatements="2" conditionals="0" coveredconditionals="0" methods="2" coveredmethods="2"/>
      <file name="taskListTestUtils.tsx" path="C:\Users\Usuario\Downloads\universidad-digital-ver-4\frontend\src\tests\helpers\taskListTestUtils.tsx">
        <metrics statements="2" coveredstatements="2" conditionals="0" coveredconditionals="0" methods="2" coveredmethods="2"/>
        <line num="11" count="3" type="stmt"/>
        <line num="21" count="14" type="stmt"/>
      </file>
    </package>
  </project>
</coverage>
