{"C:\\Users\\Usuario\\Downloads\\universidad-digital-ver-4\\frontend\\src\\components\\Alert.tsx": {"path":"C:\\Users\\Usuario\\Downloads\\universidad-digital-ver-4\\frontend\\src\\components\\Alert.tsx","statementMap":{"0":{"start":{"line":10,"column":43},"end":{"line":15,"column":null}},"1":{"start":{"line":18,"column":2},"end":{"line":34,"column":null}}},"fnMap":{"0":{"name":"Alert","decl":{"start":{"line":17,"column":16},"end":{"line":17,"column":22}},"loc":{"start":{"line":17,"column":79},"end":{"line":36,"column":null}},"line":17}},"branchMap":{"0":{"loc":{"start":{"line":17,"column":33},"end":{"line":17,"column":49}},"type":"default-arg","locations":[{"start":{"line":17,"column":40},"end":{"line":17,"column":49}}],"line":17},"1":{"loc":{"start":{"line":22,"column":9},"end":{"line":22,"column":null}},"type":"binary-expr","locations":[{"start":{"line":22,"column":9},"end":{"line":22,"column":18}},{"start":{"line":22,"column":18},"end":{"line":22,"column":null}}],"line":22},"2":{"loc":{"start":{"line":23,"column":9},"end":{"line":23,"column":null}},"type":"binary-expr","locations":[{"start":{"line":23,"column":9},"end":{"line":23,"column":20}},{"start":{"line":23,"column":20},"end":{"line":23,"column":null}}],"line":23},"3":{"loc":{"start":{"line":25,"column":7},"end":{"line":32,"column":null}},"type":"binary-expr","locations":[{"start":{"line":25,"column":7},"end":{"line":25,"column":null}},{"start":{"line":26,"column":8},"end":{"line":32,"column":null}}],"line":25}},"s":{"0":1,"1":6},"f":{"0":6},"b":{"0":[6],"1":[6,1],"2":[6,6],"3":[6,1]},"meta":{"lastBranch":4,"lastFunction":1,"lastStatement":2,"seen":{"s:10:43:15:Infinity":0,"f:17:16:17:22":0,"b:17:40:17:49":0,"s:18:2:34:Infinity":1,"b:22:9:22:18:22:18:22:Infinity":1,"b:23:9:23:20:23:20:23:Infinity":2,"b:25:7:25:Infinity:26:8:32:Infinity":3}}}
,"C:\\Users\\Usuario\\Downloads\\universidad-digital-ver-4\\frontend\\src\\components\\Button.tsx": {"path":"C:\\Users\\Usuario\\Downloads\\universidad-digital-ver-4\\frontend\\src\\components\\Button.tsx","statementMap":{"0":{"start":{"line":11,"column":4},"end":{"line":11,"column":null}},"1":{"start":{"line":12,"column":2},"end":{"line":12,"column":null}}},"fnMap":{"0":{"name":"Button","decl":{"start":{"line":9,"column":16},"end":{"line":9,"column":23}},"loc":{"start":{"line":9,"column":87},"end":{"line":13,"column":null}},"line":9}},"branchMap":{"0":{"loc":{"start":{"line":9,"column":25},"end":{"line":9,"column":46}},"type":"default-arg","locations":[{"start":{"line":9,"column":35},"end":{"line":9,"column":46}}],"line":9},"1":{"loc":{"start":{"line":9,"column":46},"end":{"line":9,"column":62}},"type":"default-arg","locations":[{"start":{"line":9,"column":58},"end":{"line":9,"column":62}}],"line":9},"2":{"loc":{"start":{"line":11,"column":4},"end":{"line":11,"column":null}},"type":"cond-expr","locations":[{"start":{"line":11,"column":30},"end":{"line":11,"column":44}},{"start":{"line":11,"column":44},"end":{"line":11,"column":null}}],"line":11},"3":{"loc":{"start":{"line":11,"column":44},"end":{"line":11,"column":null}},"type":"cond-expr","locations":[{"start":{"line":11,"column":67},"end":{"line":11,"column":78}},{"start":{"line":11,"column":78},"end":{"line":11,"column":null}}],"line":11}},"s":{"0":13,"1":13},"f":{"0":13},"b":{"0":[13],"1":[13],"2":[1,12],"3":[2,10]},"meta":{"lastBranch":4,"lastFunction":1,"lastStatement":2,"seen":{"f:9:16:9:23":0,"b:9:35:9:46":0,"b:9:58:9:62":1,"s:11:4:11:Infinity":0,"b:11:30:11:44:11:44:11:Infinity":2,"b:11:67:11:78:11:78:11:Infinity":3,"s:12:2:12:Infinity":1}}}
,"C:\\Users\\Usuario\\Downloads\\universidad-digital-ver-4\\frontend\\src\\components\\Input.tsx": {"path":"C:\\Users\\Usuario\\Downloads\\universidad-digital-ver-4\\frontend\\src\\components\\Input.tsx","statementMap":{"0":{"start":{"line":9,"column":13},"end":{"line":34,"column":null}},"1":{"start":{"line":13,"column":18},"end":{"line":13,"column":null}},"2":{"start":{"line":14,"column":22},"end":{"line":14,"column":null}},"3":{"start":{"line":16,"column":2},"end":{"line":32,"column":null}}},"fnMap":{"0":{"name":"Input2","decl":{"start":{"line":9,"column":71},"end":{"line":9,"column":null}},"loc":{"start":{"line":12,"column":2},"end":{"line":34,"column":1}},"line":12}},"branchMap":{"0":{"loc":{"start":{"line":13,"column":18},"end":{"line":13,"column":null}},"type":"binary-expr","locations":[{"start":{"line":13,"column":18},"end":{"line":13,"column":24}},{"start":{"line":13,"column":24},"end":{"line":13,"column":38}},{"start":{"line":13,"column":38},"end":{"line":13,"column":null}}],"line":13},"1":{"loc":{"start":{"line":14,"column":22},"end":{"line":14,"column":null}},"type":"cond-expr","locations":[{"start":{"line":14,"column":30},"end":{"line":14,"column":51}},{"start":{"line":14,"column":51},"end":{"line":14,"column":null}}],"line":14},"2":{"loc":{"start":{"line":27,"column":7},"end":{"line":31,"column":null}},"type":"cond-expr","locations":[{"start":{"line":28,"column":8},"end":{"line":30,"column":null}},{"start":{"line":31,"column":10},"end":{"line":31,"column":null}}],"line":27}},"s":{"0":3,"1":20,"2":20,"3":20},"f":{"0":20},"b":{"0":[20,19,18],"1":[6,14],"2":[6,14]},"meta":{"lastBranch":3,"lastFunction":1,"lastStatement":4,"seen":{"s:9:13:34:Infinity":0,"f:9:71:9:Infinity":0,"s:13:18:13:Infinity":1,"b:13:18:13:24:13:24:13:38:13:38:13:Infinity":0,"s:14:22:14:Infinity":2,"b:14:30:14:51:14:51:14:Infinity":1,"s:16:2:32:Infinity":3,"b:28:8:30:Infinity:31:10:31:Infinity":2}}}
,"C:\\Users\\Usuario\\Downloads\\universidad-digital-ver-4\\frontend\\src\\components\\TaskForm.tsx": {"path":"C:\\Users\\Usuario\\Downloads\\universidad-digital-ver-4\\frontend\\src\\components\\TaskForm.tsx","statementMap":{"0":{"start":{"line":7,"column":49},"end":{"line":35,"column":null}},"1":{"start":{"line":8,"column":22},"end":{"line":8,"column":null}},"2":{"start":{"line":10,"column":23},"end":{"line":16,"column":null}},"3":{"start":{"line":11,"column":4},"end":{"line":11,"column":null}},"4":{"start":{"line":12,"column":4},"end":{"line":15,"column":null}},"5":{"start":{"line":13,"column":6},"end":{"line":13,"column":null}},"6":{"start":{"line":14,"column":6},"end":{"line":14,"column":null}},"7":{"start":{"line":18,"column":2},"end":{"line":33,"column":null}},"8":{"start":{"line":25,"column":25},"end":{"line":25,"column":null}}},"fnMap":{"0":{"name":"(anonymous_0)","decl":{"start":{"line":7,"column":49},"end":{"line":7,"column":50}},"loc":{"start":{"line":7,"column":71},"end":{"line":35,"column":null}},"line":7},"1":{"name":"(anonymous_1)","decl":{"start":{"line":10,"column":23},"end":{"line":10,"column":24}},"loc":{"start":{"line":10,"column":47},"end":{"line":16,"column":null}},"line":10},"2":{"name":"(anonymous_2)","decl":{"start":{"line":25,"column":18},"end":{"line":25,"column":19}},"loc":{"start":{"line":25,"column":25},"end":{"line":25,"column":null}},"line":25}},"branchMap":{"0":{"loc":{"start":{"line":12,"column":4},"end":{"line":15,"column":null}},"type":"if","locations":[{"start":{"line":12,"column":4},"end":{"line":15,"column":null}},{"start":{},"end":{}}],"line":12}},"s":{"0":3,"1":183,"2":183,"3":5,"4":5,"5":5,"6":5,"7":183,"8":165},"f":{"0":183,"1":5,"2":165},"b":{"0":[5,0]},"meta":{"lastBranch":1,"lastFunction":3,"lastStatement":9,"seen":{"s:7:49:35:Infinity":0,"f:7:49:7:50":0,"s:8:22:8:Infinity":1,"s:10:23:16:Infinity":2,"f:10:23:10:24":1,"s:11:4:11:Infinity":3,"b:12:4:15:Infinity:undefined:undefined:undefined:undefined":0,"s:12:4:15:Infinity":4,"s:13:6:13:Infinity":5,"s:14:6:14:Infinity":6,"s:18:2:33:Infinity":7,"f:25:18:25:19":2,"s:25:25:25:Infinity":8}}}
,"C:\\Users\\Usuario\\Downloads\\universidad-digital-ver-4\\frontend\\src\\components\\TaskList.tsx": {"path":"C:\\Users\\Usuario\\Downloads\\universidad-digital-ver-4\\frontend\\src\\components\\TaskList.tsx","statementMap":{"0":{"start":{"line":15,"column":49},"end":{"line":40,"column":null}},"1":{"start":{"line":16,"column":2},"end":{"line":18,"column":null}},"2":{"start":{"line":17,"column":4},"end":{"line":17,"column":null}},"3":{"start":{"line":20,"column":2},"end":{"line":38,"column":null}},"4":{"start":{"line":23,"column":8},"end":{"line":36,"column":null}},"5":{"start":{"line":27,"column":28},"end":{"line":27,"column":null}},"6":{"start":{"line":33,"column":33},"end":{"line":33,"column":52}}},"fnMap":{"0":{"name":"(anonymous_0)","decl":{"start":{"line":15,"column":49},"end":{"line":15,"column":50}},"loc":{"start":{"line":15,"column":84},"end":{"line":40,"column":null}},"line":15},"1":{"name":"(anonymous_1)","decl":{"start":{"line":22,"column":17},"end":{"line":22,"column":18}},"loc":{"start":{"line":23,"column":8},"end":{"line":36,"column":null}},"line":23},"2":{"name":"(anonymous_2)","decl":{"start":{"line":27,"column":22},"end":{"line":27,"column":28}},"loc":{"start":{"line":27,"column":28},"end":{"line":27,"column":null}},"line":27},"3":{"name":"(anonymous_3)","decl":{"start":{"line":33,"column":27},"end":{"line":33,"column":33}},"loc":{"start":{"line":33,"column":33},"end":{"line":33,"column":52}},"line":33}},"branchMap":{"0":{"loc":{"start":{"line":16,"column":2},"end":{"line":18,"column":null}},"type":"if","locations":[{"start":{"line":16,"column":2},"end":{"line":18,"column":null}},{"start":{},"end":{}}],"line":16},"1":{"loc":{"start":{"line":28,"column":48},"end":{"line":28,"column":90}},"type":"cond-expr","locations":[{"start":{"line":28,"column":65},"end":{"line":28,"column":80}},{"start":{"line":28,"column":80},"end":{"line":28,"column":90}}],"line":28},"2":{"loc":{"start":{"line":30,"column":41},"end":{"line":30,"column":82}},"type":"cond-expr","locations":[{"start":{"line":30,"column":58},"end":{"line":30,"column":75}},{"start":{"line":30,"column":75},"end":{"line":30,"column":82}}],"line":30}},"s":{"0":3,"1":14,"2":1,"3":13,"4":39,"5":3,"6":2},"f":{"0":14,"1":39,"2":3,"3":2},"b":{"0":[1,13],"1":[13,26],"2":[13,26]},"meta":{"lastBranch":3,"lastFunction":4,"lastStatement":7,"seen":{"s:15:49:40:Infinity":0,"f:15:49:15:50":0,"b:16:2:18:Infinity:undefined:undefined:undefined:undefined":0,"s:16:2:18:Infinity":1,"s:17:4:17:Infinity":2,"s:20:2:38:Infinity":3,"f:22:17:22:18":1,"s:23:8:36:Infinity":4,"f:27:22:27:28":2,"s:27:28:27:Infinity":5,"b:28:65:28:80:28:80:28:90":1,"b:30:58:30:75:30:75:30:82":2,"f:33:27:33:33":3,"s:33:33:33:52":6}}}
,"C:\\Users\\Usuario\\Downloads\\universidad-digital-ver-4\\frontend\\src\\tests\\fixtures\\tasks.ts": {"path":"C:\\Users\\Usuario\\Downloads\\universidad-digital-ver-4\\frontend\\src\\tests\\fixtures\\tasks.ts","statementMap":{"0":{"start":{"line":1,"column":25},"end":{"line":5,"column":null}},"1":{"start":{"line":7,"column":26},"end":{"line":7,"column":null}}},"fnMap":{},"branchMap":{},"s":{"0":3,"1":3},"f":{},"b":{},"meta":{"lastBranch":0,"lastFunction":0,"lastStatement":2,"seen":{"s:1:25:5:Infinity":0,"s:7:26:7:Infinity":1}}}
,"C:\\Users\\Usuario\\Downloads\\universidad-digital-ver-4\\frontend\\src\\tests\\helpers\\taskListTestUtils.tsx": {"path":"C:\\Users\\Usuario\\Downloads\\universidad-digital-ver-4\\frontend\\src\\tests\\helpers\\taskListTestUtils.tsx","statementMap":{"0":{"start":{"line":11,"column":2},"end":{"line":14,"column":null}},"1":{"start":{"line":21,"column":2},"end":{"line":21,"column":null}}},"fnMap":{"0":{"name":"createTaskListMocks","decl":{"start":{"line":10,"column":16},"end":{"line":10,"column":38}},"loc":{"start":{"line":10,"column":38},"end":{"line":15,"column":null}},"line":10},"1":{"name":"renderTaskList","decl":{"start":{"line":17,"column":16},"end":{"line":17,"column":null}},"loc":{"start":{"line":20,"column":2},"end":{"line":22,"column":null}},"line":20}},"branchMap":{},"s":{"0":3,"1":14},"f":{"0":3,"1":14},"b":{},"meta":{"lastBranch":0,"lastFunction":2,"lastStatement":2,"seen":{"f:10:16:10:38":0,"s:11:2:14:Infinity":0,"f:17:16:17:Infinity":1,"s:21:2:21:Infinity":1}}}
}
